<?xml version="1.0" encoding="UTF-8"?>
<testsuite name="com.service.yis.YisApplicationTests" tests="1" skipped="0" failures="0" errors="0" timestamp="2022-06-10T11:39:10" hostname="yis" time="0.117">
  <properties/>
  <testcase name="contextLoads()" classname="com.service.yis.YisApplicationTests" time="0.117"/>
  <system-out><![CDATA[11:39:05.219 [Test worker] DEBUG org.springframework.test.context.BootstrapUtils - Instantiating CacheAwareContextLoaderDelegate from class [org.springframework.test.context.cache.DefaultCacheAwareContextLoaderDelegate]
11:39:05.231 [Test worker] DEBUG org.springframework.test.context.BootstrapUtils - Instantiating BootstrapContext using constructor [public org.springframework.test.context.support.DefaultBootstrapContext(java.lang.Class,org.springframework.test.context.CacheAwareContextLoaderDelegate)]
11:39:05.270 [Test worker] DEBUG org.springframework.test.context.BootstrapUtils - Instantiating TestContextBootstrapper for test class [com.service.yis.YisApplicationTests] from class [org.springframework.boot.test.context.SpringBootTestContextBootstrapper]
11:39:05.282 [Test worker] INFO org.springframework.boot.test.context.SpringBootTestContextBootstrapper - Neither @ContextConfiguration nor @ContextHierarchy found for test class [com.service.yis.YisApplicationTests], using SpringBootContextLoader
11:39:05.286 [Test worker] DEBUG org.springframework.test.context.support.AbstractContextLoader - Did not detect default resource location for test class [com.service.yis.YisApplicationTests]: class path resource [com/service/yis/YisApplicationTests-context.xml] does not exist
11:39:05.288 [Test worker] DEBUG org.springframework.test.context.support.AbstractContextLoader - Did not detect default resource location for test class [com.service.yis.YisApplicationTests]: class path resource [com/service/yis/YisApplicationTestsContext.groovy] does not exist
11:39:05.289 [Test worker] INFO org.springframework.test.context.support.AbstractContextLoader - Could not detect default resource locations for test class [com.service.yis.YisApplicationTests]: no resource found for suffixes {-context.xml, Context.groovy}.
11:39:05.290 [Test worker] INFO org.springframework.test.context.support.AnnotationConfigContextLoaderUtils - Could not detect default configuration classes for test class [com.service.yis.YisApplicationTests]: YisApplicationTests does not declare any static, non-private, non-final, nested classes annotated with @Configuration.
11:39:05.347 [Test worker] DEBUG org.springframework.test.context.support.ActiveProfilesUtils - Could not find an 'annotation declaring class' for annotation type [org.springframework.test.context.ActiveProfiles] and class [com.service.yis.YisApplicationTests]
11:39:05.419 [Test worker] DEBUG org.springframework.context.annotation.ClassPathScanningCandidateComponentProvider - Identified candidate component class: file [/home/yis/yis-project/build/classes/java/main/com/service/yis/YisApplication.class]
11:39:05.423 [Test worker] INFO org.springframework.boot.test.context.SpringBootTestContextBootstrapper - Found @SpringBootConfiguration com.service.yis.YisApplication for test class com.service.yis.YisApplicationTests
11:39:05.531 [Test worker] DEBUG org.springframework.boot.test.context.SpringBootTestContextBootstrapper - @TestExecutionListeners is not present for class [com.service.yis.YisApplicationTests]: using defaults.
11:39:05.533 [Test worker] INFO org.springframework.boot.test.context.SpringBootTestContextBootstrapper - Loaded default TestExecutionListener class names from location [META-INF/spring.factories]: [org.springframework.boot.test.autoconfigure.restdocs.RestDocsTestExecutionListener, org.springframework.boot.test.autoconfigure.web.client.MockRestServiceServerResetTestExecutionListener, org.springframework.boot.test.autoconfigure.web.servlet.MockMvcPrintOnlyOnFailureTestExecutionListener, org.springframework.boot.test.autoconfigure.web.servlet.WebDriverTestExecutionListener, org.springframework.boot.test.autoconfigure.webservices.client.MockWebServiceServerTestExecutionListener, org.springframework.boot.test.mock.mockito.MockitoTestExecutionListener, org.springframework.boot.test.mock.mockito.ResetMocksTestExecutionListener, org.springframework.test.context.web.ServletTestExecutionListener, org.springframework.test.context.support.DirtiesContextBeforeModesTestExecutionListener, org.springframework.test.context.event.ApplicationEventsTestExecutionListener, org.springframework.test.context.support.DependencyInjectionTestExecutionListener, org.springframework.test.context.support.DirtiesContextTestExecutionListener, org.springframework.test.context.transaction.TransactionalTestExecutionListener, org.springframework.test.context.jdbc.SqlScriptsTestExecutionListener, org.springframework.test.context.event.EventPublishingTestExecutionListener]
11:39:05.548 [Test worker] INFO org.springframework.boot.test.context.SpringBootTestContextBootstrapper - Using TestExecutionListeners: [org.springframework.test.context.web.ServletTestExecutionListener@556d0826, org.springframework.test.context.support.DirtiesContextBeforeModesTestExecutionListener@66ce957f, org.springframework.test.context.event.ApplicationEventsTestExecutionListener@55b5f5d2, org.springframework.boot.test.mock.mockito.MockitoTestExecutionListener@5bfa8cc5, org.springframework.boot.test.autoconfigure.SpringBootDependencyInjectionTestExecutionListener@666b83a4, org.springframework.test.context.support.DirtiesContextTestExecutionListener@749c877b, org.springframework.test.context.transaction.TransactionalTestExecutionListener@efde75f, org.springframework.test.context.jdbc.SqlScriptsTestExecutionListener@16ecee1, org.springframework.test.context.event.EventPublishingTestExecutionListener@3b220bcb, org.springframework.boot.test.autoconfigure.restdocs.RestDocsTestExecutionListener@2b95e48b, org.springframework.boot.test.autoconfigure.web.client.MockRestServiceServerResetTestExecutionListener@4a3329b9, org.springframework.boot.test.autoconfigure.web.servlet.MockMvcPrintOnlyOnFailureTestExecutionListener@3dddefd8, org.springframework.boot.test.autoconfigure.web.servlet.WebDriverTestExecutionListener@160ac7fb, org.springframework.boot.test.autoconfigure.webservices.client.MockWebServiceServerTestExecutionListener@12bfd80d, org.springframework.boot.test.mock.mockito.ResetMocksTestExecutionListener@41925502]
11:39:05.552 [Test worker] DEBUG org.springframework.test.context.support.AbstractDirtiesContextTestExecutionListener - Before test class: context [DefaultTestContext@5b11a194 testClass = YisApplicationTests, testInstance = [null], testMethod = [null], testException = [null], mergedContextConfiguration = [WebMergedContextConfiguration@37bd68c3 testClass = YisApplicationTests, locations = '{}', classes = '{class com.service.yis.YisApplication}', contextInitializerClasses = '[]', activeProfiles = '{}', propertySourceLocations = '{}', propertySourceProperties = '{org.springframework.boot.test.context.SpringBootTestContextBootstrapper=true}', contextCustomizers = set[org.springframework.boot.test.autoconfigure.actuate.metrics.MetricsExportContextCustomizerFactory$DisableMetricExportContextCustomizer@6bc407fd, org.springframework.boot.test.autoconfigure.properties.PropertyMappingContextCustomizer@0, org.springframework.boot.test.autoconfigure.web.servlet.WebDriverContextCustomizerFactory$Customizer@54504ecd, org.springframework.boot.test.context.filter.ExcludeFilterContextCustomizer@6239aba6, org.springframework.boot.test.json.DuplicateJsonObjectContextCustomizerFactory$DuplicateJsonObjectContextCustomizer@68df9280, org.springframework.boot.test.mock.mockito.MockitoContextCustomizer@0, org.springframework.boot.test.web.client.TestRestTemplateContextCustomizer@7b205dbd, org.springframework.boot.test.context.SpringBootTestArgs@1, org.springframework.boot.test.context.SpringBootTestWebEnvironment@6aaceffd], resourceBasePath = 'src/main/webapp', contextLoader = 'org.springframework.boot.test.context.SpringBootContextLoader', parent = [null]], attributes = map['org.springframework.test.context.web.ServletTestExecutionListener.activateListener' -> true]], class annotated with @DirtiesContext [false] with mode [null].

  .   ____          _            __ _ _
 /\\ / ___'_ __ _ _(_)_ __  __ _ \ \ \ \
( ( )\___ | '_ | '_| | '_ \/ _` | \ \ \ \
 \\/  ___)| |_)| | | | | || (_| |  ) ) ) )
  '  |____| .__|_| |_|_| |_\__, | / / / /
 =========|_|==============|___/=/_/_/_/
 :: Spring Boot ::                (v2.6.4)

2022-06-10 11:39:05.978  INFO 415749 --- [    Test worker] com.service.yis.YisApplicationTests      : Starting YisApplicationTests using Java 11.0.15 on yis with PID 415749 (started by root in /home/yis/yis-project)
2022-06-10 11:39:05.981  INFO 415749 --- [    Test worker] com.service.yis.YisApplicationTests      : No active profile set, falling back to 1 default profile: "default"
2022-06-10 11:39:07.022  INFO 415749 --- [    Test worker] .s.d.r.c.RepositoryConfigurationDelegate : Bootstrapping Spring Data JPA repositories in DEFAULT mode.
2022-06-10 11:39:07.071  INFO 415749 --- [    Test worker] .s.d.r.c.RepositoryConfigurationDelegate : Finished Spring Data repository scanning in 41 ms. Found 2 JPA repository interfaces.
2022-06-10 11:39:07.201  WARN 415749 --- [    Test worker] o.m.s.mapper.ClassPathMapperScanner      : No MyBatis mapper was found in '[com.service.yis]' package. Please check your configuration.
2022-06-10 11:39:07.693  INFO 415749 --- [    Test worker] com.zaxxer.hikari.HikariDataSource       : HikariPool-1 - Starting...
2022-06-10 11:39:07.911  INFO 415749 --- [    Test worker] com.zaxxer.hikari.HikariDataSource       : HikariPool-1 - Start completed.
2022-06-10 11:39:07.995  INFO 415749 --- [    Test worker] o.hibernate.jpa.internal.util.LogHelper  : HHH000204: Processing PersistenceUnitInfo [name: default]
2022-06-10 11:39:08.064  INFO 415749 --- [    Test worker] org.hibernate.Version                    : HHH000412: Hibernate ORM core version 5.6.5.Final
2022-06-10 11:39:08.230  INFO 415749 --- [    Test worker] o.hibernate.annotations.common.Version   : HCANN000001: Hibernate Commons Annotations {5.1.2.Final}
2022-06-10 11:39:08.341  INFO 415749 --- [    Test worker] org.hibernate.dialect.Dialect            : HHH000400: Using dialect: org.hibernate.dialect.MySQL8Dialect
2022-06-10 11:39:08.857  INFO 415749 --- [    Test worker] o.h.e.t.j.p.i.JtaPlatformInitiator       : HHH000490: Using JtaPlatform implementation: [org.hibernate.engine.transaction.jta.platform.internal.NoJtaPlatform]
2022-06-10 11:39:08.867  INFO 415749 --- [    Test worker] j.LocalContainerEntityManagerFactoryBean : Initialized JPA EntityManagerFactory for persistence unit 'default'
2022-06-10 11:39:08.939  WARN 415749 --- [    Test worker] JpaBaseConfiguration$JpaWebConfiguration : spring.jpa.open-in-view is enabled by default. Therefore, database queries may be performed during view rendering. Explicitly configure spring.jpa.open-in-view to disable this warning
2022-06-10 11:39:09.512  WARN 415749 --- [    Test worker] o.s.s.c.a.web.builders.WebSecurity       : You are asking Spring Security to ignore Ant [pattern='/css/**']. This is not recommended -- please use permitAll via HttpSecurity#authorizeHttpRequests instead.
2022-06-10 11:39:09.512  INFO 415749 --- [    Test worker] o.s.s.web.DefaultSecurityFilterChain     : Will secure Ant [pattern='/css/**'] with []
2022-06-10 11:39:09.513  WARN 415749 --- [    Test worker] o.s.s.c.a.web.builders.WebSecurity       : You are asking Spring Security to ignore Ant [pattern='/img/**']. This is not recommended -- please use permitAll via HttpSecurity#authorizeHttpRequests instead.
2022-06-10 11:39:09.513  INFO 415749 --- [    Test worker] o.s.s.web.DefaultSecurityFilterChain     : Will secure Ant [pattern='/img/**'] with []
2022-06-10 11:39:09.513  WARN 415749 --- [    Test worker] o.s.s.c.a.web.builders.WebSecurity       : You are asking Spring Security to ignore Ant [pattern='/js/**']. This is not recommended -- please use permitAll via HttpSecurity#authorizeHttpRequests instead.
2022-06-10 11:39:09.515  INFO 415749 --- [    Test worker] o.s.s.web.DefaultSecurityFilterChain     : Will secure Ant [pattern='/js/**'] with []
2022-06-10 11:39:09.603  INFO 415749 --- [    Test worker] o.s.s.web.DefaultSecurityFilterChain     : Will not secure any request
2022-06-10 11:39:10.196  INFO 415749 --- [    Test worker] o.s.b.a.w.s.WelcomePageHandlerMapping    : Adding welcome page template: index
2022-06-10 11:39:10.664  INFO 415749 --- [    Test worker] com.service.yis.YisApplicationTests      : Started YisApplicationTests in 5.062 seconds (JVM running for 6.401)
]]></system-out>
  <system-err><![CDATA[]]></system-err>
</testsuite>
