<?xml version="1.0" encoding="UTF-8"?>
<testsuite name="com.service.yis.YisApplicationTests" tests="1" skipped="0" failures="0" errors="0" timestamp="2022-06-12T14:29:45" hostname="yis" time="0.092">
  <properties/>
  <testcase name="contextLoads()" classname="com.service.yis.YisApplicationTests" time="0.092"/>
  <system-out><![CDATA[14:29:40.516 [Test worker] DEBUG org.springframework.test.context.BootstrapUtils - Instantiating CacheAwareContextLoaderDelegate from class [org.springframework.test.context.cache.DefaultCacheAwareContextLoaderDelegate]
14:29:40.528 [Test worker] DEBUG org.springframework.test.context.BootstrapUtils - Instantiating BootstrapContext using constructor [public org.springframework.test.context.support.DefaultBootstrapContext(java.lang.Class,org.springframework.test.context.CacheAwareContextLoaderDelegate)]
14:29:40.569 [Test worker] DEBUG org.springframework.test.context.BootstrapUtils - Instantiating TestContextBootstrapper for test class [com.service.yis.YisApplicationTests] from class [org.springframework.boot.test.context.SpringBootTestContextBootstrapper]
14:29:40.581 [Test worker] INFO org.springframework.boot.test.context.SpringBootTestContextBootstrapper - Neither @ContextConfiguration nor @ContextHierarchy found for test class [com.service.yis.YisApplicationTests], using SpringBootContextLoader
14:29:40.585 [Test worker] DEBUG org.springframework.test.context.support.AbstractContextLoader - Did not detect default resource location for test class [com.service.yis.YisApplicationTests]: class path resource [com/service/yis/YisApplicationTests-context.xml] does not exist
14:29:40.587 [Test worker] DEBUG org.springframework.test.context.support.AbstractContextLoader - Did not detect default resource location for test class [com.service.yis.YisApplicationTests]: class path resource [com/service/yis/YisApplicationTestsContext.groovy] does not exist
14:29:40.588 [Test worker] INFO org.springframework.test.context.support.AbstractContextLoader - Could not detect default resource locations for test class [com.service.yis.YisApplicationTests]: no resource found for suffixes {-context.xml, Context.groovy}.
14:29:40.589 [Test worker] INFO org.springframework.test.context.support.AnnotationConfigContextLoaderUtils - Could not detect default configuration classes for test class [com.service.yis.YisApplicationTests]: YisApplicationTests does not declare any static, non-private, non-final, nested classes annotated with @Configuration.
14:29:40.640 [Test worker] DEBUG org.springframework.test.context.support.ActiveProfilesUtils - Could not find an 'annotation declaring class' for annotation type [org.springframework.test.context.ActiveProfiles] and class [com.service.yis.YisApplicationTests]
14:29:40.706 [Test worker] DEBUG org.springframework.context.annotation.ClassPathScanningCandidateComponentProvider - Identified candidate component class: file [/home/yis/yis-project/build/classes/java/main/com/service/yis/YisApplication.class]
14:29:40.709 [Test worker] INFO org.springframework.boot.test.context.SpringBootTestContextBootstrapper - Found @SpringBootConfiguration com.service.yis.YisApplication for test class com.service.yis.YisApplicationTests
14:29:40.825 [Test worker] DEBUG org.springframework.boot.test.context.SpringBootTestContextBootstrapper - @TestExecutionListeners is not present for class [com.service.yis.YisApplicationTests]: using defaults.
14:29:40.830 [Test worker] INFO org.springframework.boot.test.context.SpringBootTestContextBootstrapper - Loaded default TestExecutionListener class names from location [META-INF/spring.factories]: [org.springframework.boot.test.autoconfigure.restdocs.RestDocsTestExecutionListener, org.springframework.boot.test.autoconfigure.web.client.MockRestServiceServerResetTestExecutionListener, org.springframework.boot.test.autoconfigure.web.servlet.MockMvcPrintOnlyOnFailureTestExecutionListener, org.springframework.boot.test.autoconfigure.web.servlet.WebDriverTestExecutionListener, org.springframework.boot.test.autoconfigure.webservices.client.MockWebServiceServerTestExecutionListener, org.springframework.boot.test.mock.mockito.MockitoTestExecutionListener, org.springframework.boot.test.mock.mockito.ResetMocksTestExecutionListener, org.springframework.test.context.web.ServletTestExecutionListener, org.springframework.test.context.support.DirtiesContextBeforeModesTestExecutionListener, org.springframework.test.context.event.ApplicationEventsTestExecutionListener, org.springframework.test.context.support.DependencyInjectionTestExecutionListener, org.springframework.test.context.support.DirtiesContextTestExecutionListener, org.springframework.test.context.transaction.TransactionalTestExecutionListener, org.springframework.test.context.jdbc.SqlScriptsTestExecutionListener, org.springframework.test.context.event.EventPublishingTestExecutionListener]
14:29:40.844 [Test worker] INFO org.springframework.boot.test.context.SpringBootTestContextBootstrapper - Using TestExecutionListeners: [org.springframework.test.context.web.ServletTestExecutionListener@160ac7fb, org.springframework.test.context.support.DirtiesContextBeforeModesTestExecutionListener@12bfd80d, org.springframework.test.context.event.ApplicationEventsTestExecutionListener@41925502, org.springframework.boot.test.mock.mockito.MockitoTestExecutionListener@13e3c1c7, org.springframework.boot.test.autoconfigure.SpringBootDependencyInjectionTestExecutionListener@5316e95f, org.springframework.test.context.support.DirtiesContextTestExecutionListener@3f053c80, org.springframework.test.context.transaction.TransactionalTestExecutionListener@6c6c5427, org.springframework.test.context.jdbc.SqlScriptsTestExecutionListener@618c5d94, org.springframework.test.context.event.EventPublishingTestExecutionListener@5b40ceb, org.springframework.boot.test.autoconfigure.restdocs.RestDocsTestExecutionListener@13c3c1e1, org.springframework.boot.test.autoconfigure.web.client.MockRestServiceServerResetTestExecutionListener@1d8062d2, org.springframework.boot.test.autoconfigure.web.servlet.MockMvcPrintOnlyOnFailureTestExecutionListener@1e63ec0b, org.springframework.boot.test.autoconfigure.web.servlet.WebDriverTestExecutionListener@3b956878, org.springframework.boot.test.autoconfigure.webservices.client.MockWebServiceServerTestExecutionListener@36546a22, org.springframework.boot.test.mock.mockito.ResetMocksTestExecutionListener@285c08c8]
14:29:40.847 [Test worker] DEBUG org.springframework.test.context.support.AbstractDirtiesContextTestExecutionListener - Before test class: context [DefaultTestContext@56c9bbd8 testClass = YisApplicationTests, testInstance = [null], testMethod = [null], testException = [null], mergedContextConfiguration = [WebMergedContextConfiguration@630cb4a4 testClass = YisApplicationTests, locations = '{}', classes = '{class com.service.yis.YisApplication}', contextInitializerClasses = '[]', activeProfiles = '{}', propertySourceLocations = '{}', propertySourceProperties = '{org.springframework.boot.test.context.SpringBootTestContextBootstrapper=true}', contextCustomizers = set[org.springframework.boot.test.autoconfigure.actuate.metrics.MetricsExportContextCustomizerFactory$DisableMetricExportContextCustomizer@4671115f, org.springframework.boot.test.autoconfigure.properties.PropertyMappingContextCustomizer@0, org.springframework.boot.test.autoconfigure.web.servlet.WebDriverContextCustomizerFactory$Customizer@68df9280, org.springframework.boot.test.context.filter.ExcludeFilterContextCustomizer@3f91b517, org.springframework.boot.test.json.DuplicateJsonObjectContextCustomizerFactory$DuplicateJsonObjectContextCustomizer@2421cc4, org.springframework.boot.test.mock.mockito.MockitoContextCustomizer@0, org.springframework.boot.test.web.client.TestRestTemplateContextCustomizer@7c8c9a05, org.springframework.boot.test.context.SpringBootTestArgs@1, org.springframework.boot.test.context.SpringBootTestWebEnvironment@37883b97], resourceBasePath = 'src/main/webapp', contextLoader = 'org.springframework.boot.test.context.SpringBootContextLoader', parent = [null]], attributes = map['org.springframework.test.context.web.ServletTestExecutionListener.activateListener' -> true]], class annotated with @DirtiesContext [false] with mode [null].

  .   ____          _            __ _ _
 /\\ / ___'_ __ _ _(_)_ __  __ _ \ \ \ \
( ( )\___ | '_ | '_| | '_ \/ _` | \ \ \ \
 \\/  ___)| |_)| | | | | || (_| |  ) ) ) )
  '  |____| .__|_| |_|_| |_\__, | / / / /
 =========|_|==============|___/=/_/_/_/
 :: Spring Boot ::                (v2.6.4)

2022-06-12 14:29:41.272  INFO 491334 --- [    Test worker] com.service.yis.YisApplicationTests      : Starting YisApplicationTests using Java 11.0.15 on yis with PID 491334 (started by root in /home/yis/yis-project)
2022-06-12 14:29:41.274  INFO 491334 --- [    Test worker] com.service.yis.YisApplicationTests      : No active profile set, falling back to 1 default profile: "default"
2022-06-12 14:29:42.216  INFO 491334 --- [    Test worker] .s.d.r.c.RepositoryConfigurationDelegate : Bootstrapping Spring Data JPA repositories in DEFAULT mode.
2022-06-12 14:29:42.277  INFO 491334 --- [    Test worker] .s.d.r.c.RepositoryConfigurationDelegate : Finished Spring Data repository scanning in 53 ms. Found 3 JPA repository interfaces.
2022-06-12 14:29:42.400  WARN 491334 --- [    Test worker] o.m.s.mapper.ClassPathMapperScanner      : No MyBatis mapper was found in '[com.service.yis]' package. Please check your configuration.
2022-06-12 14:29:42.898  INFO 491334 --- [    Test worker] com.zaxxer.hikari.HikariDataSource       : HikariPool-1 - Starting...
2022-06-12 14:29:43.091  INFO 491334 --- [    Test worker] com.zaxxer.hikari.HikariDataSource       : HikariPool-1 - Start completed.
2022-06-12 14:29:43.161  INFO 491334 --- [    Test worker] o.hibernate.jpa.internal.util.LogHelper  : HHH000204: Processing PersistenceUnitInfo [name: default]
2022-06-12 14:29:43.239  INFO 491334 --- [    Test worker] org.hibernate.Version                    : HHH000412: Hibernate ORM core version 5.6.5.Final
2022-06-12 14:29:43.402  INFO 491334 --- [    Test worker] o.hibernate.annotations.common.Version   : HCANN000001: Hibernate Commons Annotations {5.1.2.Final}
2022-06-12 14:29:43.505  INFO 491334 --- [    Test worker] org.hibernate.dialect.Dialect            : HHH000400: Using dialect: org.hibernate.dialect.MySQL8Dialect
2022-06-12 14:29:44.018  INFO 491334 --- [    Test worker] o.h.e.t.j.p.i.JtaPlatformInitiator       : HHH000490: Using JtaPlatform implementation: [org.hibernate.engine.transaction.jta.platform.internal.NoJtaPlatform]
2022-06-12 14:29:44.026  INFO 491334 --- [    Test worker] j.LocalContainerEntityManagerFactoryBean : Initialized JPA EntityManagerFactory for persistence unit 'default'
2022-06-12 14:29:44.089  WARN 491334 --- [    Test worker] JpaBaseConfiguration$JpaWebConfiguration : spring.jpa.open-in-view is enabled by default. Therefore, database queries may be performed during view rendering. Explicitly configure spring.jpa.open-in-view to disable this warning
2022-06-12 14:29:44.836  WARN 491334 --- [    Test worker] o.s.s.c.a.web.builders.WebSecurity       : You are asking Spring Security to ignore Ant [pattern='/css/**']. This is not recommended -- please use permitAll via HttpSecurity#authorizeHttpRequests instead.
2022-06-12 14:29:44.836  INFO 491334 --- [    Test worker] o.s.s.web.DefaultSecurityFilterChain     : Will secure Ant [pattern='/css/**'] with []
2022-06-12 14:29:44.837  WARN 491334 --- [    Test worker] o.s.s.c.a.web.builders.WebSecurity       : You are asking Spring Security to ignore Ant [pattern='/img/**']. This is not recommended -- please use permitAll via HttpSecurity#authorizeHttpRequests instead.
2022-06-12 14:29:44.838  INFO 491334 --- [    Test worker] o.s.s.web.DefaultSecurityFilterChain     : Will secure Ant [pattern='/img/**'] with []
2022-06-12 14:29:44.838  WARN 491334 --- [    Test worker] o.s.s.c.a.web.builders.WebSecurity       : You are asking Spring Security to ignore Ant [pattern='/js/**']. This is not recommended -- please use permitAll via HttpSecurity#authorizeHttpRequests instead.
2022-06-12 14:29:44.839  INFO 491334 --- [    Test worker] o.s.s.web.DefaultSecurityFilterChain     : Will secure Ant [pattern='/js/**'] with []
2022-06-12 14:29:44.932  INFO 491334 --- [    Test worker] o.s.s.web.DefaultSecurityFilterChain     : Will not secure any request
2022-06-12 14:29:45.444  INFO 491334 --- [    Test worker] o.s.b.a.w.s.WelcomePageHandlerMapping    : Adding welcome page template: index
2022-06-12 14:29:45.795  INFO 491334 --- [    Test worker] com.service.yis.YisApplicationTests      : Started YisApplicationTests in 4.904 seconds (JVM running for 6.05)
]]></system-out>
  <system-err><![CDATA[]]></system-err>
</testsuite>
